Performing C SOURCE FILE Test CMAKE_HAVE_LIBC_PTHREAD failed with the following output:
Change Dir: /home/franco/Taller/Rocket-League-sideswipe-Taller-1-FIUBA/build/CMakeFiles/CMakeTmp

Run Build Command(s):/usr/bin/make cmTC_2fd8a/fast && /usr/bin/make -f CMakeFiles/cmTC_2fd8a.dir/build.make CMakeFiles/cmTC_2fd8a.dir/build
make[1]: Entering directory '/home/franco/Taller/Rocket-League-sideswipe-Taller-1-FIUBA/build/CMakeFiles/CMakeTmp'
Building C object CMakeFiles/cmTC_2fd8a.dir/src.c.o
/usr/bin/cc   -DCMAKE_HAVE_LIBC_PTHREAD   -o CMakeFiles/cmTC_2fd8a.dir/src.c.o   -c /home/franco/Taller/Rocket-League-sideswipe-Taller-1-FIUBA/build/CMakeFiles/CMakeTmp/src.c
Linking C executable cmTC_2fd8a
/usr/bin/cmake -E cmake_link_script CMakeFiles/cmTC_2fd8a.dir/link.txt --verbose=1
/usr/bin/cc  -DCMAKE_HAVE_LIBC_PTHREAD    -rdynamic CMakeFiles/cmTC_2fd8a.dir/src.c.o  -o cmTC_2fd8a 
/usr/bin/ld: CMakeFiles/cmTC_2fd8a.dir/src.c.o: in function `main':
src.c:(.text+0x46): undefined reference to `pthread_create'
/usr/bin/ld: src.c:(.text+0x52): undefined reference to `pthread_detach'
/usr/bin/ld: src.c:(.text+0x63): undefined reference to `pthread_join'
collect2: error: ld returned 1 exit status
make[1]: *** [CMakeFiles/cmTC_2fd8a.dir/build.make:87: cmTC_2fd8a] Error 1
make[1]: Leaving directory '/home/franco/Taller/Rocket-League-sideswipe-Taller-1-FIUBA/build/CMakeFiles/CMakeTmp'
make: *** [Makefile:121: cmTC_2fd8a/fast] Error 2


Source file was:
#include <pthread.h>

void* test_func(void* data)
{
  return data;
}

int main(void)
{
  pthread_t thread;
  pthread_create(&thread, NULL, test_func, NULL);
  pthread_detach(thread);
  pthread_join(thread, NULL);
  pthread_atfork(NULL, NULL, NULL);
  pthread_exit(NULL);

  return 0;
}

Performing C++ SOURCE FILE Test SDL2PP_WITH_EXPERIMENTAL_OPTIONAL failed with the following output:
Change Dir: /home/franco/Taller/Rocket-League-sideswipe-Taller-1-FIUBA/build/CMakeFiles/CMakeTmp

Run Build Command(s):/usr/bin/make cmTC_48f13/fast && /usr/bin/make -f CMakeFiles/cmTC_48f13.dir/build.make CMakeFiles/cmTC_48f13.dir/build
make[1]: Entering directory '/home/franco/Taller/Rocket-League-sideswipe-Taller-1-FIUBA/build/CMakeFiles/CMakeTmp'
Building CXX object CMakeFiles/cmTC_48f13.dir/src.cxx.o
/usr/bin/c++    -std=c++11 -Wall -Werror -Wall -Werror -std=c++11 -DSDL2PP_WITH_EXPERIMENTAL_OPTIONAL   -o CMakeFiles/cmTC_48f13.dir/src.cxx.o -c /home/franco/Taller/Rocket-League-sideswipe-Taller-1-FIUBA/build/CMakeFiles/CMakeTmp/src.cxx
/home/franco/Taller/Rocket-League-sideswipe-Taller-1-FIUBA/build/CMakeFiles/CMakeTmp/src.cxx: In function ‘int main()’:
/home/franco/Taller/Rocket-League-sideswipe-Taller-1-FIUBA/build/CMakeFiles/CMakeTmp/src.cxx:2:19: error: ‘std::experimental’ has not been declared
    2 | int main() { std::experimental::optional<int> o; return !o; }
      |                   ^~~~~~~~~~~~
/home/franco/Taller/Rocket-League-sideswipe-Taller-1-FIUBA/build/CMakeFiles/CMakeTmp/src.cxx:2:42: error: expected primary-expression before ‘int’
    2 | int main() { std::experimental::optional<int> o; return !o; }
      |                                          ^~~
/home/franco/Taller/Rocket-League-sideswipe-Taller-1-FIUBA/build/CMakeFiles/CMakeTmp/src.cxx:2:58: error: ‘o’ was not declared in this scope
    2 | int main() { std::experimental::optional<int> o; return !o; }
      |                                                          ^
make[1]: *** [CMakeFiles/cmTC_48f13.dir/build.make:66: CMakeFiles/cmTC_48f13.dir/src.cxx.o] Error 1
make[1]: Leaving directory '/home/franco/Taller/Rocket-League-sideswipe-Taller-1-FIUBA/build/CMakeFiles/CMakeTmp'
make: *** [Makefile:121: cmTC_48f13/fast] Error 2


Source file was:
#include <experimental/optional>
int main() { std::experimental::optional<int> o; return !o; }
Performing C++ SOURCE FILE Test COMPILER_HAS_DEPRECATED_ATTR failed with the following output:
Change Dir: /home/franco/Taller/Rocket-League-sideswipe-Taller-1-FIUBA/build/CMakeFiles/CMakeTmp

Run Build Command(s):/usr/bin/make cmTC_84f51/fast && /usr/bin/make -f CMakeFiles/cmTC_84f51.dir/build.make CMakeFiles/cmTC_84f51.dir/build
make[1]: Entering directory '/home/franco/Taller/Rocket-League-sideswipe-Taller-1-FIUBA/build/CMakeFiles/CMakeTmp'
Building CXX object CMakeFiles/cmTC_84f51.dir/src.cxx.o
/usr/bin/c++    -std=c++11 -Wall -Werror -Wall -Werror -std=c++11  -Wall -Wextra -pedantic -DCOMPILER_HAS_DEPRECATED_ATTR   -o CMakeFiles/cmTC_84f51.dir/src.cxx.o -c /home/franco/Taller/Rocket-League-sideswipe-Taller-1-FIUBA/build/CMakeFiles/CMakeTmp/src.cxx
/home/franco/Taller/Rocket-League-sideswipe-Taller-1-FIUBA/build/CMakeFiles/CMakeTmp/src.cxx: In function ‘int main()’:
/home/franco/Taller/Rocket-League-sideswipe-Taller-1-FIUBA/build/CMakeFiles/CMakeTmp/src.cxx:2:34: error: ‘int somefunc()’ is deprecated [-Werror=deprecated-declarations]
    2 |     int main() { return somefunc();}
      |                                  ^
/home/franco/Taller/Rocket-League-sideswipe-Taller-1-FIUBA/build/CMakeFiles/CMakeTmp/src.cxx:1:37: note: declared here
    1 | __attribute__((__deprecated__)) int somefunc() { return 0; }
      |                                     ^~~~~~~~
/home/franco/Taller/Rocket-League-sideswipe-Taller-1-FIUBA/build/CMakeFiles/CMakeTmp/src.cxx:2:34: error: ‘int somefunc()’ is deprecated [-Werror=deprecated-declarations]
    2 |     int main() { return somefunc();}
      |                                  ^
/home/franco/Taller/Rocket-League-sideswipe-Taller-1-FIUBA/build/CMakeFiles/CMakeTmp/src.cxx:1:37: note: declared here
    1 | __attribute__((__deprecated__)) int somefunc() { return 0; }
      |                                     ^~~~~~~~
cc1plus: all warnings being treated as errors
make[1]: *** [CMakeFiles/cmTC_84f51.dir/build.make:66: CMakeFiles/cmTC_84f51.dir/src.cxx.o] Error 1
make[1]: Leaving directory '/home/franco/Taller/Rocket-League-sideswipe-Taller-1-FIUBA/build/CMakeFiles/CMakeTmp'
make: *** [Makefile:121: cmTC_84f51/fast] Error 2


Source file was:
__attribute__((__deprecated__)) int somefunc() { return 0; }
    int main() { return somefunc();}
Performing C++ SOURCE FILE Test COMPILER_HAS_DEPRECATED failed with the following output:
Change Dir: /home/franco/Taller/Rocket-League-sideswipe-Taller-1-FIUBA/build/CMakeFiles/CMakeTmp

Run Build Command(s):/usr/bin/make cmTC_c307e/fast && /usr/bin/make -f CMakeFiles/cmTC_c307e.dir/build.make CMakeFiles/cmTC_c307e.dir/build
make[1]: Entering directory '/home/franco/Taller/Rocket-League-sideswipe-Taller-1-FIUBA/build/CMakeFiles/CMakeTmp'
Building CXX object CMakeFiles/cmTC_c307e.dir/src.cxx.o
/usr/bin/c++    -std=c++11 -Wall -Werror -Wall -Werror -std=c++11  -Wall -Wextra -pedantic -DCOMPILER_HAS_DEPRECATED   -o CMakeFiles/cmTC_c307e.dir/src.cxx.o -c /home/franco/Taller/Rocket-League-sideswipe-Taller-1-FIUBA/build/CMakeFiles/CMakeTmp/src.cxx
/home/franco/Taller/Rocket-League-sideswipe-Taller-1-FIUBA/build/CMakeFiles/CMakeTmp/src.cxx:1:11: error: expected constructor, destructor, or type conversion before ‘(’ token
    1 | __declspec(deprecated) int somefunc() { return 0; }
      |           ^
/home/franco/Taller/Rocket-League-sideswipe-Taller-1-FIUBA/build/CMakeFiles/CMakeTmp/src.cxx: In function ‘int main()’:
/home/franco/Taller/Rocket-League-sideswipe-Taller-1-FIUBA/build/CMakeFiles/CMakeTmp/src.cxx:2:25: error: ‘somefunc’ was not declared in this scope
    2 |     int main() { return somefunc();}
      |                         ^~~~~~~~
make[1]: *** [CMakeFiles/cmTC_c307e.dir/build.make:66: CMakeFiles/cmTC_c307e.dir/src.cxx.o] Error 1
make[1]: Leaving directory '/home/franco/Taller/Rocket-League-sideswipe-Taller-1-FIUBA/build/CMakeFiles/CMakeTmp'
make: *** [Makefile:121: cmTC_c307e/fast] Error 2


Source file was:
__declspec(deprecated) int somefunc() { return 0; }
    int main() { return somefunc();}
